<?xml version="1.0" encoding="UTF-8"?>
<!-- Generated by org.testng.reporters.JUnitReportReporter -->
<testsuite skipped="0" hostname="LAPTOP-73C09FMJ" name="basic1.Basic" tests="1" failures="0" timestamp="2019-11-06T09:14:07 IST" time="0.000" errors="0">
  <testcase name="m1" time="0.000" classname="basic1.Basic"/>
</testsuite> <!-- basic1.Basic -->
