<?xml version="1.0" encoding="UTF-8"?>
<!-- Generated by org.testng.reporters.JUnitReportReporter -->
<testsuite skipped="0" hostname="LAPTOP-73C09FMJ" name="basic1.classA" tests="1" failures="0" timestamp="2019-11-06T09:14:07 IST" time="0.007" errors="0">
  <testcase name="m4" time="0.007" classname="basic1.classA"/>
</testsuite> <!-- basic1.classA -->
